#
# There is insufficient memory for the Java Runtime Environment to continue.
# Native memory allocation (malloc) failed to allocate 32744 bytes for ChunkPool::allocate
# Possible reasons:
#   The system is out of physical RAM or swap space
#   In 32 bit mode, the process size limit was hit
# Possible solutions:
#   Reduce memory load on the system
#   Increase physical memory or swap space
#   Check if swap backing store is full
#   Use 64 bit Java on a 64 bit OS
#   Decrease Java heap size (-Xmx/-Xms)
#   Decrease number of Java threads
#   Decrease Java thread stack sizes (-Xss)
#   Set larger code cache with -XX:ReservedCodeCacheSize=
# This output file may be truncated or incomplete.
#
#  Out of Memory Error (allocation.cpp:273), pid=3788, tid=0x00000000000012a4
#
# JRE version: OpenJDK Runtime Environment (8.0_152-b02) (build 1.8.0_152-release-1024-b02)
# Java VM: OpenJDK 64-Bit Server VM (25.152-b02 mixed mode windows-amd64 compressed oops)
# Failed to write core dump. Minidumps are not enabled by default on client versions of Windows
#

---------------  T H R E A D  ---------------

Current thread (0x0000000055f6d800):  JavaThread "C2 CompilerThread0" daemon [_thread_in_native, id=4772, stack(0x00000000571d0000,0x00000000572d0000)]

Stack: [0x00000000571d0000,0x00000000572d0000]
[error occurred during error reporting (printing stack bounds), id 0xc0000005]

Native frames: (J=compiled Java code, j=interpreted, Vv=VM code, C=native code)


Current CompileTask:
C2:2275487 17407       4       com.android.tools.r8.ir.regalloc.LinearScanRegisterAllocator::computeDebugInfo (1101 bytes)


---------------  P R O C E S S  ---------------

Java Threads: ( => current thread )
  0x000000005fbad000 JavaThread "pool-25-thread-2" [_thread_blocked, id=5708, stack(0x0000000063ed0000,0x0000000063fd0000)]
  0x000000005fbab000 JavaThread "pool-25-thread-1" [_thread_blocked, id=5048, stack(0x0000000063ff0000,0x00000000640f0000)]
  0x000000005fbab800 JavaThread "ForkJoinPool.commonPool-worker-0" daemon [_thread_blocked, id=3260, stack(0x0000000063120000,0x0000000063220000)]
  0x000000005a777800 JavaThread "Cache worker for Java compile cache (C:\Users\Astronout\AndroidStudioProjects\GDKTest\.gradle\4.4\javaCompile)" [_thread_blocked, id=4292, stack(0x000000005b9e0000,0x000000005bae0000)]
  0x000000005fba8000 JavaThread "RMI Reaper" [_thread_blocked, id=6024, stack(0x0000000062b20000,0x0000000062c20000)]
  0x000000005fbaa000 JavaThread "RMI TCP Accept-0" daemon [_thread_in_native, id=6020, stack(0x0000000063410000,0x0000000063510000)]
  0x000000005fbac800 JavaThread "GC Daemon" daemon [_thread_blocked, id=2212, stack(0x0000000063230000,0x0000000063330000)]
  0x000000005fba8800 JavaThread "RMI Scheduler(0)" daemon [_thread_blocked, id=4100, stack(0x0000000062f40000,0x0000000063040000)]
  0x000000005fba7000 JavaThread "Task worker for ':'" [_thread_blocked, id=5316, stack(0x00000000619e0000,0x0000000061ae0000)]
  0x000000005fba6800 JavaThread "Cache worker for Build Output Cleanup Cache (C:\Users\Astronout\AndroidStudioProjects\GDKTest\.gradle\buildOutputCleanup)" [_thread_blocked, id=5372, stack(0x000000005a1c0000,0x000000005a2c0000)]
  0x0000000058f01800 JavaThread "Cache worker for task history cache (C:\Users\Astronout\AndroidStudioProjects\GDKTest\.gradle\4.4\taskHistory)" [_thread_blocked, id=4620, stack(0x0000000061820000,0x0000000061920000)]
  0x0000000058f02800 JavaThread "Cache worker for file content cache (C:\Users\Astronout\AndroidStudioProjects\GDKTest\.gradle\4.4\fileContent)" [_thread_blocked, id=1596, stack(0x0000000061710000,0x0000000061810000)]
  0x0000000058f03000 JavaThread "build operations Thread 2" [_thread_blocked, id=4240, stack(0x000000005d990000,0x000000005da90000)]
  0x000000005a77a800 JavaThread "build operations" [_thread_blocked, id=4296, stack(0x000000005b6d0000,0x000000005b7d0000)]
  0x000000005a77b800 JavaThread "Cache worker for Artifact transforms cache (C:\Users\Astronout\.gradle\caches\transforms-1)" [_thread_blocked, id=3188, stack(0x000000005dd00000,0x000000005de00000)]
  0x000000005a77a000 JavaThread "Cache worker for file hash cache (C:\Users\Astronout\AndroidStudioProjects\GDKTest\.gradle\4.4\fileHashes)" [_thread_blocked, id=5924, stack(0x000000005d870000,0x000000005d970000)]
  0x000000005a778000 JavaThread "Asynchronous log dispatcher for DefaultDaemonConnection: socket connection from /127.0.0.1:55962 to /127.0.0.1:56091" [_thread_blocked, id=360, stack(0x0000000059f90000,0x000000005a090000)]
  0x000000005a776800 JavaThread "Cancel handler" [_thread_blocked, id=2656, stack(0x0000000059a90000,0x0000000059b90000)]
  0x000000005a779000 JavaThread "Handler for socket connection from /127.0.0.1:55962 to /127.0.0.1:56091" [_thread_in_native, id=2268, stack(0x0000000059e10000,0x0000000059f10000)]
  0x0000000058efe000 JavaThread "Daemon worker Thread 2" [_thread_blocked, id=3408, stack(0x000000005a0c0000,0x000000005a1c0000)]
  0x000000005a776000 JavaThread "Daemon Thread 2" [_thread_blocked, id=5840, stack(0x0000000059960000,0x0000000059a60000)]
  0x000000005a775000 JavaThread "Memory manager" [_thread_blocked, id=2284, stack(0x000000005e750000,0x000000005e850000)]
  0x00000000591e0800 JavaThread "File lock request listener" [_thread_in_native, id=1584, stack(0x000000005b830000,0x000000005b930000)]
  0x0000000058bed800 JavaThread "Cache worker for file hash cache (C:\Users\Astronout\.gradle\caches\4.4\fileHashes)" [_thread_blocked, id=2336, stack(0x000000005b580000,0x000000005b680000)]
  0x0000000058985800 JavaThread "Daemon periodic checks" [_thread_blocked, id=3492, stack(0x0000000057900000,0x0000000057a00000)]
  0x0000000058971000 JavaThread "Incoming local TCP Connector on port 55962" [_thread_in_native, id=5980, stack(0x0000000059680000,0x0000000059780000)]
  0x00000000574f3000 JavaThread "Service Thread" daemon [_thread_blocked, id=4148, stack(0x0000000057a00000,0x0000000057b00000)]
  0x0000000055f85000 JavaThread "C1 CompilerThread1" daemon [_thread_blocked, id=4984, stack(0x00000000573d0000,0x00000000574d0000)]
=>0x0000000055f6d800 JavaThread "C2 CompilerThread0" daemon [_thread_in_native, id=4772, stack(0x00000000571d0000,0x00000000572d0000)]
  0x0000000055f66800 JavaThread "Attach Listener" daemon [_thread_blocked, id=5564, stack(0x0000000057080000,0x0000000057180000)]
  0x0000000055f65000 JavaThread "Signal Dispatcher" daemon [_thread_blocked, id=5932, stack(0x0000000056f50000,0x0000000057050000)]
  0x0000000055f4d000 JavaThread "Finalizer" daemon [_thread_blocked, id=5876, stack(0x0000000056d40000,0x0000000056e40000)]
  0x0000000055f03800 JavaThread "Reference Handler" daemon [_thread_blocked, id=3272, stack(0x0000000056c40000,0x0000000056d40000)]
  0x00000000001fe800 JavaThread "main" [_thread_blocked, id=2160, stack(0x0000000002280000,0x0000000002380000)]

Other Threads:
  0x0000000055efb800 VMThread [stack: 0x0000000056ae0000,0x0000000056be0000] [id=1048]
  0x00000000574f7800 WatcherThread [stack: 0x0000000056990000,0x0000000056a90000] [id=5836]

VM state:at safepoint (normal execution)

VM Mutex/Monitor currently owned by a thread:  ([mutex/lock_event])
[0x00000000001fc9b0] Threads_lock - owner thread: 0x0000000055efb800

Heap:
 PSYoungGen      total 267776K, used 175866K [0x00000000e0000000, 0x00000000f5480000, 0x0000000100000000)
  eden space 239616K, 72% used [0x00000000e0000000,0x00000000eaac6b28,0x00000000eea00000)
  from space 28160K, 3% used [0x00000000eea00000,0x00000000eeaf8000,0x00000000f0580000)
  to   space 26112K, 0% used [0x00000000f3b00000,0x00000000f3b00000,0x00000000f5480000)
 ParOldGen       total 94208K, used 75071K [0x00000000a0000000, 0x00000000a5c00000, 0x00000000e0000000)
  object space 94208K, 79% used [0x00000000a0000000,0x00000000a494fd30,0x00000000a5c00000)
 Metaspace       used 92144K, capacity 96563K, committed 96896K, reserved 1132544K
  class space    used 11927K, capacity 12827K, committed 12928K, reserved 1048576K

Card table byte_map: [0x0000000011b10000,0x0000000011e20000] byte_map_base: 0x0000000011610000

Marking Bits: (ParMarkBitMap*) 0x0000000064984970
 Begin Bits: [0x00000000122d0000, 0x0000000013ad0000)
 End Bits:   [0x0000000013ad0000, 0x00000000152d0000)

Polling page: 0x0000000000440000

CodeCache: size=245760Kb used=46934Kb max_used=47320Kb free=198825Kb
 bounds [0x0000000002750000, 0x00000000055d0000, 0x0000000011750000]
 total_blobs=15707 nmethods=14822 adapters=796
 compilation: enabled

Compilation events (10 events):
Event: 2274.713 Thread 0x0000000055f85000 17747       2       com.android.tools.r8.com.google.common.collect.HashBiMap::rehashIfNecessary (87 bytes)
Event: 2274.714 Thread 0x0000000055f85000 nmethod 17747 0x0000000004e59c50 code [0x0000000004e59de0, 0x0000000004e5a188]
Event: 2274.714 Thread 0x0000000055f85000 17748       2       com.android.tools.r8.com.google.common.collect.Hashing::needsResizing (22 bytes)
Event: 2274.714 Thread 0x0000000055f85000 nmethod 17748 0x00000000053f4210 code [0x00000000053f4360, 0x00000000053f44d0]
Event: 2274.714 Thread 0x0000000055f85000 17750       2       com.android.tools.r8.graph.DexCode$TryHandler::hashCode (16 bytes)
Event: 2274.715 Thread 0x0000000055f85000 nmethod 17750 0x0000000004e8da90 code [0x0000000004e8dc00, 0x0000000004e8dd88]
Event: 2274.733 Thread 0x0000000055f85000 17751 %     3       com.android.tools.r8.ir.conversion.JarSourceCode::recordArgumentTypes @ 84 (147 bytes)
Event: 2274.736 Thread 0x0000000055f85000 nmethod 17751% 0x0000000004e8fb90 code [0x0000000004e8fea0, 0x0000000004e913d8]
Event: 2274.736 Thread 0x0000000055f85000 17752 %     3       com.android.tools.r8.ir.conversion.JarSourceCode::buildArgumentInstructions @ 60 (142 bytes)
Event: 2274.739 Thread 0x0000000055f85000 nmethod 17752% 0x0000000005437450 code [0x00000000054377a0, 0x0000000005438f38]

GC Heap History (10 events):
Event: 2257.329 GC heap before
{Heap before GC invocations=24 (full 3):
 PSYoungGen      total 268800K, used 248800K [0x00000000e0000000, 0x00000000f4a80000, 0x0000000100000000)
  eden space 239616K, 100% used [0x00000000e0000000,0x00000000eea00000,0x00000000eea00000)
  from space 29184K, 31% used [0x00000000f0580000,0x00000000f0e780c0,0x00000000f2200000)
  to   space 28160K, 0% used [0x00000000eea00000,0x00000000eea00000,0x00000000f0580000)
 ParOldGen       total 94208K, used 67285K [0x00000000a0000000, 0x00000000a5c00000, 0x00000000e0000000)
  object space 94208K, 71% used [0x00000000a0000000,0x00000000a41b5490,0x00000000a5c00000)
 Metaspace       used 91997K, capacity 96353K, committed 96640K, reserved 1132544K
  class space    used 11922K, capacity 12826K, committed 12928K, reserved 1048576K
Event: 2259.975 GC heap after
Heap after GC invocations=24 (full 3):
 PSYoungGen      total 267776K, used 13539K [0x00000000e0000000, 0x00000000f4a80000, 0x0000000100000000)
  eden space 239616K, 0% used [0x00000000e0000000,0x00000000e0000000,0x00000000eea00000)
  from space 28160K, 48% used [0x00000000eea00000,0x00000000ef738cc8,0x00000000f0580000)
  to   space 29184K, 0% used [0x00000000f0580000,0x00000000f0580000,0x00000000f2200000)
 ParOldGen       total 94208K, used 67285K [0x00000000a0000000, 0x00000000a5c00000, 0x00000000e0000000)
  object space 94208K, 71% used [0x00000000a0000000,0x00000000a41b5490,0x00000000a5c00000)
 Metaspace       used 91997K, capacity 96353K, committed 96640K, reserved 1132544K
  class space    used 11922K, capacity 12826K, committed 12928K, reserved 1048576K
}
Event: 2264.020 GC heap before
{Heap before GC invocations=25 (full 3):
 PSYoungGen      total 267776K, used 253155K [0x00000000e0000000, 0x00000000f4a80000, 0x0000000100000000)
  eden space 239616K, 100% used [0x00000000e0000000,0x00000000eea00000,0x00000000eea00000)
  from space 28160K, 48% used [0x00000000eea00000,0x00000000ef738cc8,0x00000000f0580000)
  to   space 29184K, 0% used [0x00000000f0580000,0x00000000f0580000,0x00000000f2200000)
 ParOldGen       total 94208K, used 67285K [0x00000000a0000000, 0x00000000a5c00000, 0x00000000e0000000)
  object space 94208K, 71% used [0x00000000a0000000,0x00000000a41b5490,0x00000000a5c00000)
 Metaspace       used 92067K, capacity 96491K, committed 96640K, reserved 1132544K
  class space    used 11927K, capacity 12827K, committed 12928K, reserved 1048576K
Event: 2264.089 GC heap after
Heap after GC invocations=25 (full 3):
 PSYoungGen      total 268800K, used 9778K [0x00000000e0000000, 0x00000000f4a80000, 0x0000000100000000)
  eden space 239616K, 0% used [0x00000000e0000000,0x00000000e0000000,0x00000000eea00000)
  from space 29184K, 33% used [0x00000000f0580000,0x00000000f0f0c808,0x00000000f2200000)
  to   space 28160K, 0% used [0x00000000eea00000,0x00000000eea00000,0x00000000f0580000)
 ParOldGen       total 94208K, used 74927K [0x00000000a0000000, 0x00000000a5c00000, 0x00000000e0000000)
  object space 94208K, 79% used [0x00000000a0000000,0x00000000a492bd30,0x00000000a5c00000)
 Metaspace       used 92067K, capacity 96491K, committed 96640K, reserved 1132544K
  class space    used 11927K, capacity 12827K, committed 12928K, reserved 1048576K
}
Event: 2266.874 GC heap before
{Heap before GC invocations=26 (full 3):
 PSYoungGen      total 268800K, used 249394K [0x00000000e0000000, 0x00000000f4a80000, 0x0000000100000000)
  eden space 239616K, 100% used [0x00000000e0000000,0x00000000eea00000,0x00000000eea00000)
  from space 29184K, 33% used [0x00000000f0580000,0x00000000f0f0c808,0x00000000f2200000)
  to   space 28160K, 0% used [0x00000000eea00000,0x00000000eea00000,0x00000000f0580000)
 ParOldGen       total 94208K, used 74927K [0x00000000a0000000, 0x00000000a5c00000, 0x00000000e0000000)
  object space 94208K, 79% used [0x00000000a0000000,0x00000000a492bd30,0x00000000a5c00000)
 Metaspace       used 92070K, capacity 96491K, committed 96640K, reserved 1132544K
  class space    used 11927K, capacity 12827K, committed 12928K, reserved 1048576K
Event: 2266.919 GC heap after
Heap after GC invocations=26 (full 3):
 PSYoungGen      total 267776K, used 8779K [0x00000000e0000000, 0x00000000f4a80000, 0x0000000100000000)
  eden space 239616K, 0% used [0x00000000e0000000,0x00000000e0000000,0x00000000eea00000)
  from space 28160K, 31% used [0x00000000eea00000,0x00000000ef292da0,0x00000000f0580000)
  to   space 29184K, 0% used [0x00000000f0580000,0x00000000f0580000,0x00000000f2200000)
 ParOldGen       total 94208K, used 75031K [0x00000000a0000000, 0x00000000a5c00000, 0x00000000e0000000)
  object space 94208K, 79% used [0x00000000a0000000,0x00000000a4945d30,0x00000000a5c00000)
 Metaspace       used 92070K, capacity 96491K, committed 96640K, reserved 1132544K
  class space    used 11927K, capacity 12827K, committed 12928K, reserved 1048576K
}
Event: 2269.762 GC heap before
{Heap before GC invocations=27 (full 3):
 PSYoungGen      total 267776K, used 248395K [0x00000000e0000000, 0x00000000f4a80000, 0x0000000100000000)
  eden space 239616K, 100% used [0x00000000e0000000,0x00000000eea00000,0x00000000eea00000)
  from space 28160K, 31% used [0x00000000eea00000,0x00000000ef292da0,0x00000000f0580000)
  to   space 29184K, 0% used [0x00000000f0580000,0x00000000f0580000,0x00000000f2200000)
 ParOldGen       total 94208K, used 75031K [0x00000000a0000000, 0x00000000a5c00000, 0x00000000e0000000)
  object space 94208K, 79% used [0x00000000a0000000,0x00000000a4945d30,0x00000000a5c00000)
 Metaspace       used 92099K, capacity 96495K, committed 96640K, reserved 1132544K
  class space    used 11927K, capacity 12827K, committed 12928K, reserved 1048576K
Event: 2269.770 GC heap after
Heap after GC invocations=27 (full 3):
 PSYoungGen      total 268800K, used 1454K [0x00000000e0000000, 0x00000000f4a80000, 0x0000000100000000)
  eden space 239616K, 0% used [0x00000000e0000000,0x00000000e0000000,0x00000000eea00000)
  from space 29184K, 4% used [0x00000000f0580000,0x00000000f06eb9b0,0x00000000f2200000)
  to   space 28160K, 0% used [0x00000000eea00000,0x00000000eea00000,0x00000000f0580000)
 ParOldGen       total 94208K, used 75063K [0x00000000a0000000, 0x00000000a5c00000, 0x00000000e0000000)
  object space 94208K, 79% used [0x00000000a0000000,0x00000000a494dd30,0x00000000a5c00000)
 Metaspace       used 92099K, capacity 96495K, committed 96640K, reserved 1132544K
  class space    used 11927K, capacity 12827K, committed 12928K, reserved 1048576K
}
Event: 2272.450 GC heap before
{Heap before GC invocations=28 (full 3):
 PSYoungGen      total 268800K, used 241070K [0x00000000e0000000, 0x00000000f4a80000, 0x0000000100000000)
  eden space 239616K, 100% used [0x00000000e0000000,0x00000000eea00000,0x00000000eea00000)
  from space 29184K, 4% used [0x00000000f0580000,0x00000000f06eb9b0,0x00000000f2200000)
  to   space 28160K, 0% used [0x00000000eea00000,0x00000000eea00000,0x00000000f0580000)
 ParOldGen       total 94208K, used 75063K [0x00000000a0000000, 0x00000000a5c00000, 0x00000000e0000000)
  object space 94208K, 79% used [0x00000000a0000000,0x00000000a494dd30,0x00000000a5c00000)
 Metaspace       used 92136K, capacity 96563K, committed 96896K, reserved 1132544K
  class space    used 11927K, capacity 12827K, committed 12928K, reserved 1048576K
Event: 2272.477 GC heap after
Heap after GC invocations=28 (full 3):
 PSYoungGen      total 267776K, used 992K [0x00000000e0000000, 0x00000000f5480000, 0x0000000100000000)
  eden space 239616K, 0% used [0x00000000e0000000,0x00000000e0000000,0x00000000eea00000)
  from space 28160K, 3% used [0x00000000eea00000,0x00000000eeaf8000,0x00000000f0580000)
  to   space 26112K, 0% used [0x00000000f3b00000,0x00000000f3b00000,0x00000000f5480000)
 ParOldGen       total 94208K, used 75071K [0x00000000a0000000, 0x00000000a5c00000, 0x00000000e0000000)
  object space 94208K, 79% used [0x00000000a0000000,0x00000000a494fd30,0x00000000a5c00000)
 Metaspace       used 92136K, capacity 96563K, committed 96896K, reserved 1132544K
  class space    used 11927K, capacity 12827K, committed 12928K, reserved 1048576K
}

Deoptimization events (10 events):
Event: 2254.574 Thread 0x000000005fbab000 Uncommon trap: reason=unstable_if action=reinterpret pc=0x000000000537fc98 method=com.android.tools.r8.ir.conversion.JarState.mergeLocals([Lcom/android/tools/r8/ir/conversion/JarState$Local;[Lcom/android/tools/r8/ir/conversion/JarState$Local;)[Lcom/androi
Event: 2254.801 Thread 0x000000005fbab000 Uncommon trap: reason=unstable_if action=reinterpret pc=0x00000000053c5298 method=com.android.tools.r8.ir.code.Instruction.replaceDebugValue(Lcom/android/tools/r8/ir/code/Value;Lcom/android/tools/r8/ir/code/Value;)V @ 17
Event: 2260.147 Thread 0x000000005fbab000 Uncommon trap: reason=unstable_if action=reinterpret pc=0x00000000035c53d4 method=java.util.concurrent.ConcurrentHashMap.computeIfAbsent(Ljava/lang/Object;Ljava/util/function/Function;)Ljava/lang/Object; @ 281
Event: 2260.469 Thread 0x000000005fbab800 Uncommon trap: reason=unstable_if action=reinterpret pc=0x00000000053bc974 method=com.android.tools.r8.graph.DexString.slowCompareTo(Lcom/android/tools/r8/graph/DexString;)I @ 80
Event: 2270.620 Thread 0x000000005fbab000 Uncommon trap: reason=unstable_if action=reinterpret pc=0x00000000055b2238 method=com.android.tools.r8.ir.regalloc.LinearScanRegisterAllocator.allocateSingleInterval(Lcom/android/tools/r8/ir/regalloc/LiveIntervals;Lcom/android/tools/r8/ir/regalloc/LinearS
Event: 2272.790 Thread 0x000000005fbad000 Uncommon trap: reason=unstable_if action=reinterpret pc=0x000000000553a474 method=com.android.tools.r8.ir.regalloc.RegisterPositions.hasType(ILcom/android/tools/r8/ir/regalloc/RegisterPositions$Type;)Z @ 57
Event: 2272.790 Thread 0x000000005fbad000 Uncommon trap: reason=unstable_if action=reinterpret pc=0x00000000051e89f4 method=com.android.tools.r8.ir.regalloc.RegisterPositions.hasType(ILcom/android/tools/r8/ir/regalloc/RegisterPositions$Type;)Z @ 57
Event: 2273.798 Thread 0x000000005fbab000 Uncommon trap: reason=unstable_if action=reinterpret pc=0x0000000002a20d80 method=com.android.tools.r8.utils.IdentifierUtils.isSimpleNameChar(C)Z @ 51
Event: 2273.846 Thread 0x000000005fbad000 Uncommon trap: reason=unstable_if action=reinterpret pc=0x0000000005423c28 method=com.android.tools.r8.ir.conversion.JarSourceCode.getTryHandlers(Lcom/android/tools/r8/org/objectweb/asm/tree/AbstractInsnNode;)Ljava/util/List; @ 80
Event: 2273.849 Thread 0x000000005fbad000 Uncommon trap: reason=unstable_if action=reinterpret pc=0x000000000545ab7c method=com.android.tools.r8.ir.conversion.JarSourceCode.getTryHandlers(Lcom/android/tools/r8/org/objectweb/asm/tree/AbstractInsnNode;)Ljava/util/List; @ 80

Classes redefined (0 events):
No events

Internal exceptions (10 events):
Event: 2207.399 Thread 0x000000005fbab800 Exception <a 'java/lang/NoSuchMethodError': java.lang.Object.lambda$or$2(Ljava/util/function/Predicate;Ljava/lang/Object;)Z> (0x00000000e2a79bf0) thrown at [D:\src\AOSP-openjdk-cygwin\jdk8u\hotspot\src\share\vm\interpreter\linkResolver.cpp, line 584]
Event: 2211.571 Thread 0x000000005fba7000 Exception <a 'java/lang/NoSuchMethodError': <clinit>> (0x00000000ec98f328) thrown at [D:\src\AOSP-openjdk-cygwin\jdk8u\hotspot\src\share\vm\prims\jni.cpp, line 1613]
Event: 2217.662 Thread 0x000000005fba7000 Exception <a 'java/lang/NoSuchMethodError': java.lang.Object.lambda$and$0(Ljava/util/function/Predicate;Ljava/lang/Object;)Z> (0x00000000ece43348) thrown at [D:\src\AOSP-openjdk-cygwin\jdk8u\hotspot\src\share\vm\interpreter\linkResolver.cpp, line 584]
Event: 2222.345 Thread 0x000000005fba7000 Implicit null exception at 0x000000000484744c to 0x00000000048479d5
Event: 2223.706 Thread 0x0000000058efe000 Implicit null exception at 0x0000000003162fa8 to 0x0000000003163535
Event: 2223.706 Thread 0x0000000058efe000 Implicit null exception at 0x000000000291d5f0 to 0x000000000291da5d
Event: 2230.035 Thread 0x000000005fbab800 Exception <a 'java/lang/NoSuchMethodError': java.lang.Object.lambda$static$0(Ljava/lang/String;)Z> (0x00000000e3b0d658) thrown at [D:\src\AOSP-openjdk-cygwin\jdk8u\hotspot\src\share\vm\interpreter\linkResolver.cpp, line 584]
Event: 2234.874 Thread 0x000000005fbad000 Implicit null exception at 0x0000000004f042cc to 0x0000000004f04321
Event: 2254.574 Thread 0x000000005fbab000 Implicit null exception at 0x000000000537e74c to 0x000000000537fc89
Event: 2254.801 Thread 0x000000005fbab000 Implicit null exception at 0x00000000053c1875 to 0x00000000053c5275

Events (10 events):
Event: 2274.236 Thread 0x000000005fbad000 DEOPT PACKING pc=0x00000000050138d5 sp=0x0000000063fce870
Event: 2274.236 Thread 0x000000005fbad000 DEOPT UNPACKING pc=0x00000000027971d0 sp=0x0000000063fce6d0 mode 0
Event: 2274.308 Thread 0x000000005fbad000 DEOPT PACKING pc=0x00000000037785b9 sp=0x0000000063fce7f0
Event: 2274.309 Thread 0x000000005fbad000 DEOPT UNPACKING pc=0x00000000027971d0 sp=0x0000000063fce5c0 mode 0
Event: 2274.380 Thread 0x000000005fbad000 DEOPT PACKING pc=0x00000000050138d5 sp=0x0000000063fce870
Event: 2274.380 Thread 0x000000005fbad000 DEOPT UNPACKING pc=0x00000000027971d0 sp=0x0000000063fce6d0 mode 0
Event: 2274.697 Thread 0x000000005fbad000 DEOPT PACKING pc=0x00000000050138d5 sp=0x0000000063fce870
Event: 2274.697 Thread 0x000000005fbad000 DEOPT UNPACKING pc=0x00000000027971d0 sp=0x0000000063fce6d0 mode 0
Event: 2274.748 Thread 0x000000005fbad000 DEOPT PACKING pc=0x00000000037785b9 sp=0x0000000063fce4d0
Event: 2274.748 Thread 0x000000005fbad000 DEOPT UNPACKING pc=0x00000000027971d0 sp=0x0000000063fce2a0 mode 0


Dynamic libraries:
0x000000013fa20000 - 0x000000013fa51000 	C:\Program Files\Android\Android Studio\jre\bin\java.exe
0x0000000076dd0000 - 0x0000000076f7a000 	C:\Windows\SYSTEM32\ntdll.dll
0x0000000076bb0000 - 0x0000000076ccf000 	C:\Windows\system32\kernel32.dll
0x000007fefcc20000 - 0x000007fefcc8a000 	C:\Windows\system32\KERNELBASE.dll
0x000007fefe3b0000 - 0x000007fefe48b000 	C:\Windows\system32\ADVAPI32.dll
0x000007fefe8c0000 - 0x000007fefe95f000 	C:\Windows\system32\msvcrt.dll
0x000007fefe390000 - 0x000007fefe3af000 	C:\Windows\SYSTEM32\sechost.dll
0x000007fefd430000 - 0x000007fefd55d000 	C:\Windows\system32\RPCRT4.dll
0x0000000076cd0000 - 0x0000000076dca000 	C:\Windows\system32\USER32.dll
0x000007fefd250000 - 0x000007fefd2b7000 	C:\Windows\system32\GDI32.dll
0x000007fefe370000 - 0x000007fefe37e000 	C:\Windows\system32\LPK.dll
0x000007fefd360000 - 0x000007fefd42b000 	C:\Windows\system32\USP10.dll
0x000007fef9ce0000 - 0x000007fef9ed4000 	C:\Windows\WinSxS\amd64_microsoft.windows.common-controls_6595b64144ccf1df_6.0.7601.23403_none_e36ad4593102f066\COMCTL32.dll
0x000007fefe2f0000 - 0x000007fefe361000 	C:\Windows\system32\SHLWAPI.dll
0x000007fefed90000 - 0x000007fefedbe000 	C:\Windows\system32\IMM32.DLL
0x000007fefeb60000 - 0x000007fefec69000 	C:\Windows\system32\MSCTF.dll
0x0000000066850000 - 0x0000000066922000 	C:\Program Files\Android\Android Studio\jre\jre\bin\msvcr100.dll
0x00000000641c0000 - 0x00000000649ff000 	C:\Program Files\Android\Android Studio\jre\jre\bin\server\jvm.dll
0x000007fef5670000 - 0x000007fef5679000 	C:\Windows\system32\WSOCK32.dll
0x000007feff090000 - 0x000007feff0dd000 	C:\Windows\system32\WS2_32.dll
0x000007fefe380000 - 0x000007fefe388000 	C:\Windows\system32\NSI.dll
0x000007feedca0000 - 0x000007feedcdb000 	C:\Windows\system32\WINMM.dll
0x000007fefb7d0000 - 0x000007fefb7dc000 	C:\Windows\system32\VERSION.dll
0x0000000076f90000 - 0x0000000076f97000 	C:\Windows\system32\PSAPI.DLL
0x000007feed150000 - 0x000007feed15f000 	C:\Program Files\Android\Android Studio\jre\jre\bin\verify.dll
0x000007feecc50000 - 0x000007feecc79000 	C:\Program Files\Android\Android Studio\jre\jre\bin\java.dll
0x000007feed040000 - 0x000007feed056000 	C:\Program Files\Android\Android Studio\jre\jre\bin\zip.dll
0x000007fefd560000 - 0x000007fefe2ea000 	C:\Windows\system32\SHELL32.dll
0x000007fefe960000 - 0x000007fefeb5c000 	C:\Windows\system32\ole32.dll
0x000007fefcac0000 - 0x000007fefcacf000 	C:\Windows\system32\profapi.dll
0x000007feecca0000 - 0x000007feeccba000 	C:\Program Files\Android\Android Studio\jre\jre\bin\net.dll
0x000007fef9a30000 - 0x000007fef9a50000 	C:\Windows\system32\PrxerDrv.dll
0x000007fefc290000 - 0x000007fefc2e5000 	C:\Windows\system32\mswsock.dll
0x000007fefc280000 - 0x000007fefc287000 	C:\Windows\System32\wship6.dll
0x000007feecc80000 - 0x000007feecc91000 	C:\Program Files\Android\Android Studio\jre\jre\bin\nio.dll
0x000007feeaff0000 - 0x000007feeb00e000 	C:\Users\Astronout\.gradle\native\25\windows-amd64\native-platform.dll
0x000007feecc10000 - 0x000007feecc1d000 	C:\Program Files\Android\Android Studio\jre\jre\bin\management.dll
0x000007fefc2f0000 - 0x000007fefc308000 	C:\Windows\system32\CRYPTSP.dll
0x000007fefbff0000 - 0x000007fefc037000 	C:\Windows\system32\rsaenh.dll
0x000007fefcae0000 - 0x000007fefcaff000 	C:\Windows\system32\USERENV.dll
0x000007fefc960000 - 0x000007fefc96f000 	C:\Windows\system32\CRYPTBASE.dll
0x000007fef9c60000 - 0x000007fef9c87000 	C:\Windows\system32\IPHLPAPI.DLL
0x000007fef9c50000 - 0x000007fef9c5b000 	C:\Windows\system32\WINNSI.DLL
0x000007feecb40000 - 0x000007feecb58000 	C:\Windows\system32\dhcpcsvc.DLL
0x000007feecb20000 - 0x000007feecb31000 	C:\Windows\system32\dhcpcsvc6.DLL
0x000007fefc900000 - 0x000007fefc957000 	C:\Windows\system32\apphelp.dll
0x000007feec450000 - 0x000007feec46e000 	C:\Users\Astronout\AppData\Local\Temp\native-platform5121447273051081211dir\native-platform.dll

VM Arguments:
jvm_args: -Xmx1536m -Dfile.encoding=windows-1252 -Duser.country=US -Duser.language=en -Duser.variant 
java_command: org.gradle.launcher.daemon.bootstrap.GradleDaemon 4.4
java_class_path (initial): C:\Users\Astronout\.gradle\wrapper\dists\gradle-4.4-all\9br9xq1tocpiv8o6njlyu5op1\gradle-4.4\lib\gradle-launcher-4.4.jar
Launcher Type: SUN_STANDARD

Environment Variables:
PATH=C:\Windows\system32;C:\Windows;C:\Windows\System32\Wbem;C:\Windows\System32\WindowsPowerShell\v1.0\;C:\Program Files\Git\cmd;C:\Program Files\nodejs\;C:\Users\Astronout\AppData\Local\Programs\Python\Python36-32\Scripts\;C:\Users\Astronout\AppData\Local\Programs\Python\Python36-32\;C:\Users\Astronout\AppData\Roaming\npm;C:\Program Files\Microsoft VS Code\bin
USERNAME=Astronout
OS=Windows_NT
PROCESSOR_IDENTIFIER=Intel64 Family 6 Model 23 Stepping 10, GenuineIntel



---------------  S Y S T E M  ---------------

OS: Windows 7 , 64 bit Build 7601 (6.1.7601.23915)

CPU:total 2 (initial active 2) (2 cores per cpu, 1 threads per core) family 6 model 23 stepping 10, cmov, cx8, fxsr, mmx, sse, sse2, sse3, ssse3, tsc

Memory: 4k page, physical 4059124k(134216k free), swap 5786104k(3344k free)

vm_info: OpenJDK 64-Bit Server VM (25.152-b02) for windows-amd64 JRE (1.8.0_152-release-1024-b02), built by "builder" with MS VC++ 10.0 (VS2010)

time: Sat Sep 15 14:39:18 2018
elapsed time: 2275 seconds (0d 0h 37m 55s)

